<?xml version="1.0" encoding="UTF-8"?>
<!-- Generated by org.testng.reporters.JUnitReportReporter -->
<testsuite skipped="0" hostname="DESKTOP-P2IQJOQ" name="com.org.tests.BusBooking" tests="4" failures="0" timestamp="25 Jun 2019 18:00:29 GMT" time="62.078" errors="0">
  <testcase name="validateSmartBusLink" time="2.197" classname="com.org.tests.BusBooking"/>
  <testcase name="validateDetailsOfCityAndDate" time="39.152" classname="com.org.tests.BusBooking"/>
  <testcase name="validateSeatBookingProcess" time="17.362" classname="com.org.tests.BusBooking"/>
  <testcase name="validatePasasngerDetailsForm" time="3.367" classname="com.org.tests.BusBooking"/>
</testsuite> <!-- com.org.tests.BusBooking -->
