<?xml version="1.0" encoding="UTF-8"?>
<!-- Generated by org.testng.reporters.JUnitReportReporter -->
<testsuite skipped="0" hostname="DESKTOP-P2IQJOQ" name="com.org.tests.BusBooking" tests="4" failures="0" timestamp="26 Jun 2019 02:17:32 GMT" time="115.863" errors="0">
  <testcase name="validateSmartBusLink" time="2.312" classname="com.org.tests.BusBooking"/>
  <testcase name="validateDetailsOfCityAndDate" time="79.502" classname="com.org.tests.BusBooking"/>
  <testcase name="validateSeatBookingProcess" time="27.002" classname="com.org.tests.BusBooking"/>
  <testcase name="validatePasasngerDetailsForm" time="7.047" classname="com.org.tests.BusBooking"/>
</testsuite> <!-- com.org.tests.BusBooking -->
